Change Component Comment: Designator=C5 Old Comment=NC New Comment=0.1uF
Change Component Comment: Designator=R1 Old Comment=NC New Comment=1K
Change Component Comment: Designator=R7 Old Comment=NC New Comment=1K
Change Component Comment: Designator=R19 Old Comment=NC New Comment=1K
Change Component Comment: Designator=R20 Old Comment=NC New Comment=1K
Change Component Comment: Designator=R23 Old Comment=NC New Comment=1K
Change Component Comment: Designator=R18 Old Comment=NC New Comment=2K
Change Component Comment: Designator=R21 Old Comment=NC New Comment=2K
Change Component Comment: Designator=R2 Old Comment=NC New Comment=5.1K
Change Component Comment: Designator=R8 Old Comment=NC New Comment=5.1K
Change Component Comment: Designator=R11 Old Comment=NC New Comment=5.1K
Change Component Comment: Designator=R14 Old Comment=NC New Comment=5.1K
Change Component Comment: Designator=R17 Old Comment=NC New Comment=5.1K
Change Component Comment: Designator=R22 Old Comment=NC New Comment=5.1K
Change Component Comment: Designator=R24 Old Comment=NC New Comment=5.1K
Change Component Comment: Designator=R4 Old Comment=NC New Comment=10K
Change Component Comment: Designator=R10 Old Comment=NC New Comment=10K
Change Component Comment: Designator=R13 Old Comment=NC New Comment=10K
Change Component Comment: Designator=R16 Old Comment=NC New Comment=10K
Change Component Comment: Designator=C1 Old Comment=NC New Comment=22uF
Change Component Comment: Designator=R5 Old Comment=NC New Comment=330R
